info it worked if it ends with ok
verbose cli [ '/usr/bin/nodejs', '/usr/bin/npm', 'install' ]
info using npm@1.1.4
info using node@v0.6.19
verbose config file /home/dc/.npmrc
verbose config file /usr/etc/npmrc
verbose config file /usr/share/npm/npmrc
verbose caching /var/www/package.json
verbose loadDefaults chosen-js@1.6.3
verbose readDependencies: using package.json deps
verbose where, deps [ '/var/www', [ 'jquery' ] ]
verbose from cache /var/www/package.json
info preinstall chosen-js@1.6.3
verbose from cache /var/www/package.json
verbose readDependencies: using package.json deps
verbose cache add [ 'jquery@>=1.4.4', null ]
silly cache add: name, spec, args [ undefined, 'jquery@>=1.4.4', [ 'jquery@>=1.4.4', null ] ]
verbose parsed url { pathname: 'jquery@', path: 'jquery@', href: 'jquery@' }
silly cache add: name, spec, args [ 'jquery', '>=1.4.4', [ 'jquery', '>=1.4.4' ] ]
verbose parsed url { pathname: '=1.4.4', path: '=1.4.4', href: '=1.4.4' }
verbose addNamed [ 'jquery', '>=1.4.4' ]
verbose addNamed [ null, '>=1.4.4' ]
silly name, range, hasData [ 'jquery', '>=1.4.4', false ]
verbose raw, before any munging jquery
verbose url resolving [ 'https://registry.npmjs.org/', './jquery' ]
verbose url resolved https://registry.npmjs.org/jquery
http GET https://registry.npmjs.org/jquery
ERR! Error: failed to fetch from registry: jquery
ERR!     at /usr/share/npm/lib/utils/npm-registry-client/get.js:139:12
ERR!     at cb (/usr/share/npm/lib/utils/npm-registry-client/request.js:31:9)
ERR!     at Request._callback (/usr/share/npm/lib/utils/npm-registry-client/request.js:136:18)
ERR!     at Request.callback (/usr/lib/nodejs/request/main.js:119:22)
ERR!     at Request.<anonymous> (/usr/lib/nodejs/request/main.js:212:58)
ERR!     at Request.emit (events.js:88:20)
ERR!     at ClientRequest.<anonymous> (/usr/lib/nodejs/request/main.js:209:10)
ERR!     at ClientRequest.emit (events.js:67:17)
ERR!     at CleartextStream.socketErrorListener (http.js:1188:9)
ERR!     at CleartextStream.emit (events.js:67:17)
ERR! You may report this log at:
ERR!     <http://bugs.debian.org/npm>
ERR! or use
ERR!     reportbug --attach /var/www/whereareyou/npm-debug.log npm
ERR! 
ERR! System Linux 3.5.0-17-generic
ERR! command "/usr/bin/nodejs" "/usr/bin/npm" "install"
ERR! cwd /var/www/whereareyou
ERR! node -v v0.6.19
ERR! npm -v 1.1.4
ERR! message failed to fetch from registry: jquery
verbose exit [ 1, true ]
